2026-04-22 23:01:18 | WARNING | OUTAGE DETECTED | Source=test.jpg | Frame=test.jpg | Conf=0.47 | BBox=(1205,938,1396,1068) | Saved=outputs\faulty_frames\FAULTY_test.jpg
2026-04-22 23:01:18 | WARNING | OUTAGE DETECTED | Source=test.jpg | Frame=test.jpg | Conf=0.36 | BBox=(779,970,966,1097) | Saved=outputs\faulty_frames\FAULTY_test.jpg
2026-04-22 23:01:18 | INFO | SESSION SUMMARY | Source=test.jpg | Total=1 | Functional=0 | NonFunctional=2
2026-04-22 23:04:08 | WARNING | OUTAGE DETECTED | Source=test.jpg | Frame=test.jpg | Conf=0.47 | BBox=(1205,938,1396,1068) | Saved=outputs\faulty_frames\FAULTY_test.jpg
2026-04-22 23:04:08 | WARNING | OUTAGE DETECTED | Source=test.jpg | Frame=test.jpg | Conf=0.36 | BBox=(779,970,966,1097) | Saved=outputs\faulty_frames\FAULTY_test.jpg
2026-04-22 23:04:08 | INFO | SESSION SUMMARY | Source=test.jpg | Total=1 | Functional=0 | NonFunctional=2
2026-04-22 23:10:09 | WARNING | OUTAGE DETECTED | Source=static\uploads\test.jpg | Frame=test.jpg | Conf=0.47 | BBox=(1205,938,1396,1068) | Saved=outputs\faulty_frames\FAULTY_test.jpg
2026-04-22 23:10:09 | WARNING | OUTAGE DETECTED | Source=static\uploads\test.jpg | Frame=test.jpg | Conf=0.36 | BBox=(779,970,966,1097) | Saved=outputs\faulty_frames\FAULTY_test.jpg
2026-04-22 23:10:09 | INFO | SESSION SUMMARY | Source=static\uploads\test.jpg | Total=1 | Functional=0 | NonFunctional=2
2026-04-22 23:10:43 | WARNING | OUTAGE DETECTED | Source=static\uploads\test.jpg | Frame=test.jpg | Conf=0.47 | BBox=(1205,938,1396,1068) | Saved=outputs\faulty_frames\FAULTY_test.jpg
2026-04-22 23:10:43 | WARNING | OUTAGE DETECTED | Source=static\uploads\test.jpg | Frame=test.jpg | Conf=0.36 | BBox=(779,970,966,1097) | Saved=outputs\faulty_frames\FAULTY_test.jpg
2026-04-22 23:10:43 | INFO | SESSION SUMMARY | Source=static\uploads\test.jpg | Total=1 | Functional=0 | NonFunctional=2
2026-04-22 23:21:41 | WARNING | OUTAGE DETECTED | Source=static\uploads\test.jpg | Frame=test.jpg | Conf=0.47 | BBox=(1205,938,1396,1068) | Saved=outputs\faulty_frames\FAULTY_test.jpg
2026-04-22 23:21:41 | WARNING | OUTAGE DETECTED | Source=static\uploads\test.jpg | Frame=test.jpg | Conf=0.36 | BBox=(779,970,966,1097) | Saved=outputs\faulty_frames\FAULTY_test.jpg
2026-04-22 23:21:41 | INFO | SESSION SUMMARY | Source=static\uploads\test.jpg | Total=1 | Functional=0 | NonFunctional=2
2026-04-22 23:27:08 | WARNING | OUTAGE DETECTED | Source=static\uploads\test.jpg | Frame=test.jpg | Conf=0.47 | BBox=(1205,938,1396,1068) | Saved=outputs\faulty_frames\FAULTY_test.jpg
2026-04-22 23:27:08 | WARNING | OUTAGE DETECTED | Source=static\uploads\test.jpg | Frame=test.jpg | Conf=0.36 | BBox=(779,970,966,1097) | Saved=outputs\faulty_frames\FAULTY_test.jpg
2026-04-22 23:27:08 | INFO | SESSION SUMMARY | Source=static\uploads\test.jpg | Total=1 | Functional=0 | NonFunctional=2
2026-04-22 23:32:20 | WARNING | OUTAGE DETECTED | Source=static\uploads\test.jpg | Frame=test.jpg | Conf=0.47 | BBox=(1205,938,1396,1068) | Saved=outputs\faulty_frames\FAULTY_test.jpg
2026-04-22 23:32:20 | WARNING | OUTAGE DETECTED | Source=static\uploads\test.jpg | Frame=test.jpg | Conf=0.36 | BBox=(779,970,966,1097) | Saved=outputs\faulty_frames\FAULTY_test.jpg
2026-04-22 23:32:20 | INFO | SESSION SUMMARY | Source=static\uploads\test.jpg | Total=1 | Functional=0 | NonFunctional=2
2026-04-22 23:34:42 | WARNING | OUTAGE DETECTED | Source=static\uploads\test.jpg | Frame=test.jpg | Conf=0.47 | BBox=(1205,938,1396,1068) | Saved=outputs\faulty_frames\FAULTY_test.jpg
2026-04-22 23:34:42 | WARNING | OUTAGE DETECTED | Source=static\uploads\test.jpg | Frame=test.jpg | Conf=0.36 | BBox=(779,970,966,1097) | Saved=outputs\faulty_frames\FAULTY_test.jpg
2026-04-22 23:34:42 | INFO | SESSION SUMMARY | Source=static\uploads\test.jpg | Total=1 | Functional=0 | NonFunctional=2
2026-04-22 23:35:08 | WARNING | OUTAGE DETECTED | Source=static\uploads\test.jpg | Frame=test.jpg | Conf=0.47 | BBox=(1205,938,1396,1068) | Saved=outputs\faulty_frames\FAULTY_test.jpg
2026-04-22 23:35:08 | WARNING | OUTAGE DETECTED | Source=static\uploads\test.jpg | Frame=test.jpg | Conf=0.36 | BBox=(779,970,966,1097) | Saved=outputs\faulty_frames\FAULTY_test.jpg
2026-04-22 23:35:08 | INFO | SESSION SUMMARY | Source=static\uploads\test.jpg | Total=1 | Functional=0 | NonFunctional=2
2026-04-22 23:40:18 | WARNING | OUTAGE DETECTED | Source=static\uploads\test.jpg | Frame=test.jpg | Conf=0.47 | BBox=(1205,938,1396,1068) | Saved=outputs\faulty_frames\FAULTY_test.jpg
2026-04-22 23:40:18 | WARNING | OUTAGE DETECTED | Source=static\uploads\test.jpg | Frame=test.jpg | Conf=0.36 | BBox=(779,970,966,1097) | Saved=outputs\faulty_frames\FAULTY_test.jpg
2026-04-22 23:40:18 | INFO | SESSION SUMMARY | Source=static\uploads\test.jpg | Total=1 | Functional=0 | NonFunctional=2
2026-04-23 00:14:06 | WARNING | OUTAGE DETECTED | Source=static\uploads\test3.jpg | Frame=test3.jpg | Conf=0.73 | BBox=(466,1042,519,1094) | Saved=outputs\faulty_frames\FAULTY_test3.jpg
2026-04-23 00:14:06 | WARNING | OUTAGE DETECTED | Source=static\uploads\test3.jpg | Frame=test3.jpg | Conf=0.70 | BBox=(682,870,747,933) | Saved=outputs\faulty_frames\FAULTY_test3.jpg
2026-04-23 00:14:06 | WARNING | OUTAGE DETECTED | Source=static\uploads\test3.jpg | Frame=test3.jpg | Conf=0.49 | BBox=(553,861,604,910) | Saved=outputs\faulty_frames\FAULTY_test3.jpg
2026-04-23 00:14:06 | INFO | SESSION SUMMARY | Source=static\uploads\test3.jpg | Total=1 | Functional=0 | NonFunctional=3
2026-04-23 00:14:16 | INFO | SESSION SUMMARY | Source=static\uploads\test2.jpg | Total=1 | Functional=0 | NonFunctional=0
2026-04-23 00:14:25 | INFO | FUNCTIONAL | Source=static\uploads\test1.jpg | Frame=test1.jpg | Conf=0.66
2026-04-23 00:14:25 | INFO | SESSION SUMMARY | Source=static\uploads\test1.jpg | Total=1 | Functional=1 | NonFunctional=0
2026-04-23 00:14:38 | WARNING | OUTAGE DETECTED | Source=static\uploads\test.jpg | Frame=test.jpg | Conf=0.47 | BBox=(1205,938,1396,1068) | Saved=outputs\faulty_frames\FAULTY_test.jpg
2026-04-23 00:14:38 | WARNING | OUTAGE DETECTED | Source=static\uploads\test.jpg | Frame=test.jpg | Conf=0.36 | BBox=(779,970,966,1097) | Saved=outputs\faulty_frames\FAULTY_test.jpg
2026-04-23 00:14:38 | INFO | SESSION SUMMARY | Source=static\uploads\test.jpg | Total=1 | Functional=0 | NonFunctional=2
2026-04-23 00:17:06 | WARNING | OUTAGE DETECTED | Source=static\uploads\test.jpg | Frame=test.jpg | Conf=0.47 | BBox=(1205,938,1396,1068) | Saved=outputs\faulty_frames\FAULTY_test.jpg
2026-04-23 00:17:06 | WARNING | OUTAGE DETECTED | Source=static\uploads\test.jpg | Frame=test.jpg | Conf=0.36 | BBox=(779,970,966,1097) | Saved=outputs\faulty_frames\FAULTY_test.jpg
2026-04-23 00:17:06 | INFO | SESSION SUMMARY | Source=static\uploads\test.jpg | Total=1 | Functional=0 | NonFunctional=2
2026-04-23 00:18:08 | WARNING | OUTAGE DETECTED | Source=static\uploads\test4.jpg | Frame=test4.jpg | Conf=0.40 | BBox=(777,395,851,459) | Saved=outputs\faulty_frames\FAULTY_test4.jpg
2026-04-23 00:18:08 | INFO | SESSION SUMMARY | Source=static\uploads\test4.jpg | Total=1 | Functional=0 | NonFunctional=1
2026-04-23 00:18:18 | WARNING | OUTAGE DETECTED | Source=static\uploads\test3.jpg | Frame=test3.jpg | Conf=0.73 | BBox=(466,1042,519,1094) | Saved=outputs\faulty_frames\FAULTY_test3.jpg
2026-04-23 00:18:18 | WARNING | OUTAGE DETECTED | Source=static\uploads\test3.jpg | Frame=test3.jpg | Conf=0.70 | BBox=(682,870,747,933) | Saved=outputs\faulty_frames\FAULTY_test3.jpg
2026-04-23 00:18:18 | WARNING | OUTAGE DETECTED | Source=static\uploads\test3.jpg | Frame=test3.jpg | Conf=0.49 | BBox=(553,861,604,910) | Saved=outputs\faulty_frames\FAULTY_test3.jpg
2026-04-23 00:18:18 | INFO | SESSION SUMMARY | Source=static\uploads\test3.jpg | Total=1 | Functional=0 | NonFunctional=3
2026-04-23 00:18:28 | INFO | SESSION SUMMARY | Source=static\uploads\test2.jpg | Total=1 | Functional=0 | NonFunctional=0
2026-04-23 00:18:38 | INFO | FUNCTIONAL | Source=static\uploads\test1.jpg | Frame=test1.jpg | Conf=0.66
2026-04-23 00:18:38 | INFO | SESSION SUMMARY | Source=static\uploads\test1.jpg | Total=1 | Functional=1 | NonFunctional=0
2026-04-23 00:21:47 | WARNING | OUTAGE DETECTED | Source=static\uploads\test4.jpg | Frame=test4.jpg | Conf=0.40 | BBox=(777,395,851,459) | Saved=outputs\faulty_frames\FAULTY_test4.jpg
2026-04-23 00:21:47 | INFO | SESSION SUMMARY | Source=static\uploads\test4.jpg | Total=1 | Functional=0 | NonFunctional=1
2026-04-23 00:21:57 | WARNING | OUTAGE DETECTED | Source=static\uploads\test3.jpg | Frame=test3.jpg | Conf=0.73 | BBox=(466,1042,519,1094) | Saved=outputs\faulty_frames\FAULTY_test3.jpg
2026-04-23 00:21:57 | WARNING | OUTAGE DETECTED | Source=static\uploads\test3.jpg | Frame=test3.jpg | Conf=0.70 | BBox=(682,870,747,933) | Saved=outputs\faulty_frames\FAULTY_test3.jpg
2026-04-23 00:21:57 | WARNING | OUTAGE DETECTED | Source=static\uploads\test3.jpg | Frame=test3.jpg | Conf=0.49 | BBox=(553,861,604,910) | Saved=outputs\faulty_frames\FAULTY_test3.jpg
2026-04-23 00:21:57 | INFO | SESSION SUMMARY | Source=static\uploads\test3.jpg | Total=1 | Functional=0 | NonFunctional=3
2026-04-23 00:22:05 | WARNING | OUTAGE DETECTED | Source=static\uploads\test4.jpg | Frame=test4.jpg | Conf=0.40 | BBox=(777,395,851,459) | Saved=outputs\faulty_frames\FAULTY_test4.jpg
2026-04-23 00:22:05 | INFO | SESSION SUMMARY | Source=static\uploads\test4.jpg | Total=1 | Functional=0 | NonFunctional=1
2026-04-23 00:22:07 | INFO | SESSION SUMMARY | Source=static\uploads\test2.jpg | Total=1 | Functional=0 | NonFunctional=0
2026-04-23 00:22:15 | WARNING | OUTAGE DETECTED | Source=static\uploads\test3.jpg | Frame=test3.jpg | Conf=0.73 | BBox=(466,1042,519,1094) | Saved=outputs\faulty_frames\FAULTY_test3.jpg
2026-04-23 00:22:15 | WARNING | OUTAGE DETECTED | Source=static\uploads\test3.jpg | Frame=test3.jpg | Conf=0.70 | BBox=(682,870,747,933) | Saved=outputs\faulty_frames\FAULTY_test3.jpg
2026-04-23 00:22:15 | WARNING | OUTAGE DETECTED | Source=static\uploads\test3.jpg | Frame=test3.jpg | Conf=0.49 | BBox=(553,861,604,910) | Saved=outputs\faulty_frames\FAULTY_test3.jpg
2026-04-23 00:22:15 | INFO | SESSION SUMMARY | Source=static\uploads\test3.jpg | Total=1 | Functional=0 | NonFunctional=3
2026-04-23 00:22:16 | INFO | FUNCTIONAL | Source=static\uploads\test1.jpg | Frame=test1.jpg | Conf=0.66
2026-04-23 00:22:16 | INFO | SESSION SUMMARY | Source=static\uploads\test1.jpg | Total=1 | Functional=1 | NonFunctional=0
2026-04-23 00:22:25 | INFO | SESSION SUMMARY | Source=static\uploads\test2.jpg | Total=1 | Functional=0 | NonFunctional=0
2026-04-23 00:22:33 | INFO | FUNCTIONAL | Source=static\uploads\test1.jpg | Frame=test1.jpg | Conf=0.66
2026-04-23 00:22:33 | INFO | SESSION SUMMARY | Source=static\uploads\test1.jpg | Total=1 | Functional=1 | NonFunctional=0
2026-04-23 00:22:42 | WARNING | OUTAGE DETECTED | Source=static\uploads\test.jpg | Frame=test.jpg | Conf=0.47 | BBox=(1205,938,1396,1068) | Saved=outputs\faulty_frames\FAULTY_test.jpg
2026-04-23 00:22:42 | WARNING | OUTAGE DETECTED | Source=static\uploads\test.jpg | Frame=test.jpg | Conf=0.36 | BBox=(779,970,966,1097) | Saved=outputs\faulty_frames\FAULTY_test.jpg
2026-04-23 00:22:42 | INFO | SESSION SUMMARY | Source=static\uploads\test.jpg | Total=1 | Functional=0 | NonFunctional=2
2026-04-23 00:27:21 | WARNING | OUTAGE DETECTED | Source=static\uploads\test4.jpg | Frame=test4.jpg | Conf=0.40 | BBox=(777,395,851,459) | Saved=outputs\faulty_frames\FAULTY_test4.jpg
2026-04-23 00:27:21 | INFO | SESSION SUMMARY | Source=static\uploads\test4.jpg | Total=1 | Functional=0 | NonFunctional=1
2026-04-23 00:27:30 | WARNING | OUTAGE DETECTED | Source=static\uploads\test3.jpg | Frame=test3.jpg | Conf=0.73 | BBox=(466,1042,519,1094) | Saved=outputs\faulty_frames\FAULTY_test3.jpg
2026-04-23 00:27:30 | WARNING | OUTAGE DETECTED | Source=static\uploads\test3.jpg | Frame=test3.jpg | Conf=0.70 | BBox=(682,870,747,933) | Saved=outputs\faulty_frames\FAULTY_test3.jpg
2026-04-23 00:27:30 | WARNING | OUTAGE DETECTED | Source=static\uploads\test3.jpg | Frame=test3.jpg | Conf=0.49 | BBox=(553,861,604,910) | Saved=outputs\faulty_frames\FAULTY_test3.jpg
2026-04-23 00:27:30 | INFO | SESSION SUMMARY | Source=static\uploads\test3.jpg | Total=1 | Functional=0 | NonFunctional=3
2026-04-23 00:27:37 | INFO | SESSION SUMMARY | Source=static\uploads\test2.jpg | Total=1 | Functional=0 | NonFunctional=0
2026-04-23 00:27:46 | INFO | FUNCTIONAL | Source=static\uploads\test1.jpg | Frame=test1.jpg | Conf=0.66
2026-04-23 00:27:46 | INFO | SESSION SUMMARY | Source=static\uploads\test1.jpg | Total=1 | Functional=1 | NonFunctional=0
2026-04-23 00:30:02 | WARNING | OUTAGE DETECTED | Source=static\uploads\test4.jpg | Frame=test4.jpg | Conf=0.40 | BBox=(777,395,851,459) | Saved=outputs\faulty_frames\FAULTY_test4.jpg
2026-04-23 00:30:02 | INFO | SESSION SUMMARY | Source=static\uploads\test4.jpg | Total=1 | Functional=0 | NonFunctional=1
2026-04-23 00:30:12 | WARNING | OUTAGE DETECTED | Source=static\uploads\test3.jpg | Frame=test3.jpg | Conf=0.73 | BBox=(466,1042,519,1094) | Saved=outputs\faulty_frames\FAULTY_test3.jpg
2026-04-23 00:30:12 | WARNING | OUTAGE DETECTED | Source=static\uploads\test3.jpg | Frame=test3.jpg | Conf=0.70 | BBox=(682,870,747,933) | Saved=outputs\faulty_frames\FAULTY_test3.jpg
2026-04-23 00:30:12 | WARNING | OUTAGE DETECTED | Source=static\uploads\test3.jpg | Frame=test3.jpg | Conf=0.49 | BBox=(553,861,604,910) | Saved=outputs\faulty_frames\FAULTY_test3.jpg
2026-04-23 00:30:12 | INFO | SESSION SUMMARY | Source=static\uploads\test3.jpg | Total=1 | Functional=0 | NonFunctional=3
2026-04-23 00:30:21 | INFO | SESSION SUMMARY | Source=static\uploads\test2.jpg | Total=1 | Functional=0 | NonFunctional=0
2026-04-23 00:30:29 | INFO | FUNCTIONAL | Source=static\uploads\test1.jpg | Frame=test1.jpg | Conf=0.66
2026-04-23 00:30:29 | INFO | SESSION SUMMARY | Source=static\uploads\test1.jpg | Total=1 | Functional=1 | NonFunctional=0
2026-04-23 00:30:38 | WARNING | OUTAGE DETECTED | Source=static\uploads\test.jpg | Frame=test.jpg | Conf=0.47 | BBox=(1205,938,1396,1068) | Saved=outputs\faulty_frames\FAULTY_test.jpg
2026-04-23 00:30:38 | WARNING | OUTAGE DETECTED | Source=static\uploads\test.jpg | Frame=test.jpg | Conf=0.36 | BBox=(779,970,966,1097) | Saved=outputs\faulty_frames\FAULTY_test.jpg
2026-04-23 00:30:38 | INFO | SESSION SUMMARY | Source=static\uploads\test.jpg | Total=1 | Functional=0 | NonFunctional=2
2026-04-23 00:33:25 | WARNING | OUTAGE DETECTED | Source=static\uploads\test4.jpg | Frame=test4.jpg | Conf=0.40 | BBox=(777,395,851,459) | Saved=outputs\faulty_frames\FAULTY_test4.jpg
2026-04-23 00:33:25 | INFO | SESSION SUMMARY | Source=static\uploads\test4.jpg | Total=1 | Functional=0 | NonFunctional=1
2026-04-23 00:33:35 | WARNING | OUTAGE DETECTED | Source=static\uploads\test3.jpg | Frame=test3.jpg | Conf=0.73 | BBox=(466,1042,519,1094) | Saved=outputs\faulty_frames\FAULTY_test3.jpg
2026-04-23 00:33:35 | WARNING | OUTAGE DETECTED | Source=static\uploads\test3.jpg | Frame=test3.jpg | Conf=0.70 | BBox=(682,870,747,933) | Saved=outputs\faulty_frames\FAULTY_test3.jpg
2026-04-23 00:33:35 | WARNING | OUTAGE DETECTED | Source=static\uploads\test3.jpg | Frame=test3.jpg | Conf=0.49 | BBox=(553,861,604,910) | Saved=outputs\faulty_frames\FAULTY_test3.jpg
2026-04-23 00:33:35 | INFO | SESSION SUMMARY | Source=static\uploads\test3.jpg | Total=1 | Functional=0 | NonFunctional=3
2026-04-23 00:33:44 | INFO | SESSION SUMMARY | Source=static\uploads\test2.jpg | Total=1 | Functional=0 | NonFunctional=0
2026-04-23 00:33:53 | INFO | FUNCTIONAL | Source=static\uploads\test1.jpg | Frame=test1.jpg | Conf=0.66
2026-04-23 00:33:53 | INFO | SESSION SUMMARY | Source=static\uploads\test1.jpg | Total=1 | Functional=1 | NonFunctional=0
2026-04-23 00:34:03 | WARNING | OUTAGE DETECTED | Source=static\uploads\test.jpg | Frame=test.jpg | Conf=0.47 | BBox=(1205,938,1396,1068) | Saved=outputs\faulty_frames\FAULTY_test.jpg
2026-04-23 00:34:03 | WARNING | OUTAGE DETECTED | Source=static\uploads\test.jpg | Frame=test.jpg | Conf=0.36 | BBox=(779,970,966,1097) | Saved=outputs\faulty_frames\FAULTY_test.jpg
2026-04-23 00:34:03 | INFO | SESSION SUMMARY | Source=static\uploads\test.jpg | Total=1 | Functional=0 | NonFunctional=2
2026-04-23 00:37:14 | WARNING | OUTAGE DETECTED | Source=static\uploads\test4.jpg | Frame=test4.jpg | Conf=0.40 | BBox=(777,395,851,459) | Saved=outputs\faulty_frames\FAULTY_test4.jpg
2026-04-23 00:37:14 | INFO | SESSION SUMMARY | Source=static\uploads\test4.jpg | Total=1 | Functional=0 | NonFunctional=1
2026-04-23 00:37:24 | WARNING | OUTAGE DETECTED | Source=static\uploads\test3.jpg | Frame=test3.jpg | Conf=0.73 | BBox=(466,1042,519,1094) | Saved=outputs\faulty_frames\FAULTY_test3.jpg
2026-04-23 00:37:24 | WARNING | OUTAGE DETECTED | Source=static\uploads\test3.jpg | Frame=test3.jpg | Conf=0.70 | BBox=(682,870,747,933) | Saved=outputs\faulty_frames\FAULTY_test3.jpg
2026-04-23 00:37:25 | WARNING | OUTAGE DETECTED | Source=static\uploads\test3.jpg | Frame=test3.jpg | Conf=0.49 | BBox=(553,861,604,910) | Saved=outputs\faulty_frames\FAULTY_test3.jpg
2026-04-23 00:37:25 | INFO | SESSION SUMMARY | Source=static\uploads\test3.jpg | Total=1 | Functional=0 | NonFunctional=3
2026-04-23 00:37:34 | INFO | SESSION SUMMARY | Source=static\uploads\test2.jpg | Total=1 | Functional=0 | NonFunctional=0
2026-04-23 00:37:43 | INFO | FUNCTIONAL | Source=static\uploads\test1.jpg | Frame=test1.jpg | Conf=0.66
2026-04-23 00:37:43 | INFO | SESSION SUMMARY | Source=static\uploads\test1.jpg | Total=1 | Functional=1 | NonFunctional=0
2026-04-23 00:37:53 | WARNING | OUTAGE DETECTED | Source=static\uploads\test.jpg | Frame=test.jpg | Conf=0.47 | BBox=(1205,938,1396,1068) | Saved=outputs\faulty_frames\FAULTY_test.jpg
2026-04-23 00:37:53 | WARNING | OUTAGE DETECTED | Source=static\uploads\test.jpg | Frame=test.jpg | Conf=0.36 | BBox=(779,970,966,1097) | Saved=outputs\faulty_frames\FAULTY_test.jpg
2026-04-23 00:37:53 | INFO | SESSION SUMMARY | Source=static\uploads\test.jpg | Total=1 | Functional=0 | NonFunctional=2
2026-04-23 00:41:19 | WARNING | OUTAGE DETECTED | Source=static\uploads\test4.jpg | Frame=test4.jpg | Conf=0.40 | BBox=(777,395,851,459) | Saved=outputs\faulty_frames\FAULTY_test4.jpg
2026-04-23 00:41:19 | INFO | SESSION SUMMARY | Source=static\uploads\test4.jpg | Total=1 | Functional=0 | NonFunctional=1
2026-04-23 00:41:29 | WARNING | OUTAGE DETECTED | Source=static\uploads\test3.jpg | Frame=test3.jpg | Conf=0.73 | BBox=(466,1042,519,1094) | Saved=outputs\faulty_frames\FAULTY_test3.jpg
2026-04-23 00:41:29 | WARNING | OUTAGE DETECTED | Source=static\uploads\test3.jpg | Frame=test3.jpg | Conf=0.70 | BBox=(682,870,747,933) | Saved=outputs\faulty_frames\FAULTY_test3.jpg
2026-04-23 00:41:29 | WARNING | OUTAGE DETECTED | Source=static\uploads\test3.jpg | Frame=test3.jpg | Conf=0.49 | BBox=(553,861,604,910) | Saved=outputs\faulty_frames\FAULTY_test3.jpg
2026-04-23 00:41:29 | INFO | SESSION SUMMARY | Source=static\uploads\test3.jpg | Total=1 | Functional=0 | NonFunctional=3
2026-04-23 00:41:39 | INFO | SESSION SUMMARY | Source=static\uploads\test2.jpg | Total=1 | Functional=0 | NonFunctional=0
2026-04-23 00:41:50 | INFO | FUNCTIONAL | Source=static\uploads\test1.jpg | Frame=test1.jpg | Conf=0.66
2026-04-23 00:41:50 | INFO | SESSION SUMMARY | Source=static\uploads\test1.jpg | Total=1 | Functional=1 | NonFunctional=0
2026-04-23 00:41:59 | WARNING | OUTAGE DETECTED | Source=static\uploads\test.jpg | Frame=test.jpg | Conf=0.47 | BBox=(1205,938,1396,1068) | Saved=outputs\faulty_frames\FAULTY_test.jpg
2026-04-23 00:41:59 | WARNING | OUTAGE DETECTED | Source=static\uploads\test.jpg | Frame=test.jpg | Conf=0.36 | BBox=(779,970,966,1097) | Saved=outputs\faulty_frames\FAULTY_test.jpg
2026-04-23 00:41:59 | INFO | SESSION SUMMARY | Source=static\uploads\test.jpg | Total=1 | Functional=0 | NonFunctional=2
2026-04-23 00:44:36 | WARNING | OUTAGE DETECTED | Source=static\uploads\test4.jpg | Frame=test4.jpg | Conf=0.40 | BBox=(777,395,851,459) | Saved=outputs\faulty_frames\FAULTY_test4.jpg
2026-04-23 00:44:36 | INFO | SESSION SUMMARY | Source=static\uploads\test4.jpg | Total=1 | Functional=0 | NonFunctional=1
2026-04-23 00:44:45 | WARNING | OUTAGE DETECTED | Source=static\uploads\test3.jpg | Frame=test3.jpg | Conf=0.73 | BBox=(466,1042,519,1094) | Saved=outputs\faulty_frames\FAULTY_test3.jpg
2026-04-23 00:44:45 | WARNING | OUTAGE DETECTED | Source=static\uploads\test3.jpg | Frame=test3.jpg | Conf=0.70 | BBox=(682,870,747,933) | Saved=outputs\faulty_frames\FAULTY_test3.jpg
2026-04-23 00:44:45 | WARNING | OUTAGE DETECTED | Source=static\uploads\test3.jpg | Frame=test3.jpg | Conf=0.49 | BBox=(553,861,604,910) | Saved=outputs\faulty_frames\FAULTY_test3.jpg
2026-04-23 00:44:45 | INFO | SESSION SUMMARY | Source=static\uploads\test3.jpg | Total=1 | Functional=0 | NonFunctional=3
2026-04-23 00:44:53 | INFO | SESSION SUMMARY | Source=static\uploads\test2.jpg | Total=1 | Functional=0 | NonFunctional=0
2026-04-23 00:45:03 | INFO | FUNCTIONAL | Source=static\uploads\test1.jpg | Frame=test1.jpg | Conf=0.66
2026-04-23 00:45:03 | INFO | SESSION SUMMARY | Source=static\uploads\test1.jpg | Total=1 | Functional=1 | NonFunctional=0
2026-04-23 00:45:12 | WARNING | OUTAGE DETECTED | Source=static\uploads\test.jpg | Frame=test.jpg | Conf=0.47 | BBox=(1205,938,1396,1068) | Saved=outputs\faulty_frames\FAULTY_test.jpg
2026-04-23 00:45:12 | WARNING | OUTAGE DETECTED | Source=static\uploads\test.jpg | Frame=test.jpg | Conf=0.36 | BBox=(779,970,966,1097) | Saved=outputs\faulty_frames\FAULTY_test.jpg
2026-04-23 00:45:12 | INFO | SESSION SUMMARY | Source=static\uploads\test.jpg | Total=1 | Functional=0 | NonFunctional=2
2026-04-23 00:46:04 | WARNING | OUTAGE DETECTED | Source=static\uploads\test4.jpg | Frame=test4.jpg | Conf=0.40 | BBox=(777,395,851,459) | Saved=outputs\faulty_frames\FAULTY_test4.jpg
2026-04-23 00:46:04 | INFO | SESSION SUMMARY | Source=static\uploads\test4.jpg | Total=1 | Functional=0 | NonFunctional=1
2026-04-23 00:46:11 | WARNING | OUTAGE DETECTED | Source=static\uploads\test4.jpg | Frame=test4.jpg | Conf=0.40 | BBox=(777,395,851,459) | Saved=outputs\faulty_frames\FAULTY_test4.jpg
2026-04-23 00:46:11 | INFO | SESSION SUMMARY | Source=static\uploads\test4.jpg | Total=1 | Functional=0 | NonFunctional=1
2026-04-23 00:46:11 | WARNING | OUTAGE DETECTED | Source=static\uploads\test4.jpg | Frame=test4.jpg | Conf=0.40 | BBox=(777,395,851,459) | Saved=outputs\faulty_frames\FAULTY_test4.jpg
2026-04-23 00:46:11 | INFO | SESSION SUMMARY | Source=static\uploads\test4.jpg | Total=1 | Functional=0 | NonFunctional=1
2026-04-23 00:46:14 | WARNING | OUTAGE DETECTED | Source=static\uploads\test3.jpg | Frame=test3.jpg | Conf=0.73 | BBox=(466,1042,519,1094) | Saved=outputs\faulty_frames\FAULTY_test3.jpg
2026-04-23 00:46:14 | WARNING | OUTAGE DETECTED | Source=static\uploads\test3.jpg | Frame=test3.jpg | Conf=0.70 | BBox=(682,870,747,933) | Saved=outputs\faulty_frames\FAULTY_test3.jpg
2026-04-23 00:46:14 | WARNING | OUTAGE DETECTED | Source=static\uploads\test3.jpg | Frame=test3.jpg | Conf=0.49 | BBox=(553,861,604,910) | Saved=outputs\faulty_frames\FAULTY_test3.jpg
2026-04-23 00:46:14 | INFO | SESSION SUMMARY | Source=static\uploads\test3.jpg | Total=1 | Functional=0 | NonFunctional=3
2026-04-23 00:46:21 | WARNING | OUTAGE DETECTED | Source=static\uploads\test3.jpg | Frame=test3.jpg | Conf=0.73 | BBox=(466,1042,519,1094) | Saved=outputs\faulty_frames\FAULTY_test3.jpg
2026-04-23 00:46:21 | WARNING | OUTAGE DETECTED | Source=static\uploads\test3.jpg | Frame=test3.jpg | Conf=0.70 | BBox=(682,870,747,933) | Saved=outputs\faulty_frames\FAULTY_test3.jpg
2026-04-23 00:46:21 | WARNING | OUTAGE DETECTED | Source=static\uploads\test3.jpg | Frame=test3.jpg | Conf=0.49 | BBox=(553,861,604,910) | Saved=outputs\faulty_frames\FAULTY_test3.jpg
2026-04-23 00:46:21 | INFO | SESSION SUMMARY | Source=static\uploads\test3.jpg | Total=1 | Functional=0 | NonFunctional=3
2026-04-23 00:46:21 | WARNING | OUTAGE DETECTED | Source=static\uploads\test3.jpg | Frame=test3.jpg | Conf=0.73 | BBox=(466,1042,519,1094) | Saved=outputs\faulty_frames\FAULTY_test3.jpg
2026-04-23 00:46:21 | WARNING | OUTAGE DETECTED | Source=static\uploads\test3.jpg | Frame=test3.jpg | Conf=0.70 | BBox=(682,870,747,933) | Saved=outputs\faulty_frames\FAULTY_test3.jpg
2026-04-23 00:46:21 | WARNING | OUTAGE DETECTED | Source=static\uploads\test3.jpg | Frame=test3.jpg | Conf=0.49 | BBox=(553,861,604,910) | Saved=outputs\faulty_frames\FAULTY_test3.jpg
2026-04-23 00:46:21 | INFO | SESSION SUMMARY | Source=static\uploads\test3.jpg | Total=1 | Functional=0 | NonFunctional=3
2026-04-23 00:46:23 | INFO | SESSION SUMMARY | Source=static\uploads\test2.jpg | Total=1 | Functional=0 | NonFunctional=0
2026-04-23 00:46:30 | INFO | SESSION SUMMARY | Source=static\uploads\test2.jpg | Total=1 | Functional=0 | NonFunctional=0
2026-04-23 00:46:30 | INFO | SESSION SUMMARY | Source=static\uploads\test2.jpg | Total=1 | Functional=0 | NonFunctional=0
2026-04-23 00:46:33 | INFO | FUNCTIONAL | Source=static\uploads\test1.jpg | Frame=test1.jpg | Conf=0.66
2026-04-23 00:46:33 | INFO | SESSION SUMMARY | Source=static\uploads\test1.jpg | Total=1 | Functional=1 | NonFunctional=0
2026-04-23 00:46:39 | INFO | FUNCTIONAL | Source=static\uploads\test1.jpg | Frame=test1.jpg | Conf=0.66
2026-04-23 00:46:39 | INFO | SESSION SUMMARY | Source=static\uploads\test1.jpg | Total=1 | Functional=1 | NonFunctional=0
2026-04-23 00:46:39 | INFO | FUNCTIONAL | Source=static\uploads\test1.jpg | Frame=test1.jpg | Conf=0.66
2026-04-23 00:46:39 | INFO | SESSION SUMMARY | Source=static\uploads\test1.jpg | Total=1 | Functional=1 | NonFunctional=0
2026-04-23 00:46:41 | WARNING | OUTAGE DETECTED | Source=static\uploads\test.jpg | Frame=test.jpg | Conf=0.47 | BBox=(1205,938,1396,1068) | Saved=outputs\faulty_frames\FAULTY_test.jpg
2026-04-23 00:46:42 | WARNING | OUTAGE DETECTED | Source=static\uploads\test.jpg | Frame=test.jpg | Conf=0.36 | BBox=(779,970,966,1097) | Saved=outputs\faulty_frames\FAULTY_test.jpg
2026-04-23 00:46:42 | INFO | SESSION SUMMARY | Source=static\uploads\test.jpg | Total=1 | Functional=0 | NonFunctional=2
2026-04-23 00:46:49 | WARNING | OUTAGE DETECTED | Source=static\uploads\test.jpg | Frame=test.jpg | Conf=0.47 | BBox=(1205,938,1396,1068) | Saved=outputs\faulty_frames\FAULTY_test.jpg
2026-04-23 00:46:49 | WARNING | OUTAGE DETECTED | Source=static\uploads\test.jpg | Frame=test.jpg | Conf=0.47 | BBox=(1205,938,1396,1068) | Saved=outputs\faulty_frames\FAULTY_test.jpg
2026-04-23 00:46:49 | WARNING | OUTAGE DETECTED | Source=static\uploads\test.jpg | Frame=test.jpg | Conf=0.36 | BBox=(779,970,966,1097) | Saved=outputs\faulty_frames\FAULTY_test.jpg
2026-04-23 00:46:49 | WARNING | OUTAGE DETECTED | Source=static\uploads\test.jpg | Frame=test.jpg | Conf=0.36 | BBox=(779,970,966,1097) | Saved=outputs\faulty_frames\FAULTY_test.jpg
2026-04-23 00:46:49 | INFO | SESSION SUMMARY | Source=static\uploads\test.jpg | Total=1 | Functional=0 | NonFunctional=2
2026-04-23 00:46:49 | INFO | SESSION SUMMARY | Source=static\uploads\test.jpg | Total=1 | Functional=0 | NonFunctional=2
2026-04-23 00:51:28 | WARNING | OUTAGE DETECTED | Source=static\uploads\test4.jpg | Frame=test4.jpg | Conf=0.40 | BBox=(777,395,851,459) | Saved=outputs\faulty_frames\FAULTY_test4.jpg
2026-04-23 00:51:28 | INFO | SESSION SUMMARY | Source=static\uploads\test4.jpg | Total=1 | Functional=0 | NonFunctional=1
2026-04-23 00:51:38 | WARNING | OUTAGE DETECTED | Source=static\uploads\test3.jpg | Frame=test3.jpg | Conf=0.73 | BBox=(466,1042,519,1094) | Saved=outputs\faulty_frames\FAULTY_test3.jpg
2026-04-23 00:51:38 | WARNING | OUTAGE DETECTED | Source=static\uploads\test3.jpg | Frame=test3.jpg | Conf=0.70 | BBox=(682,870,747,933) | Saved=outputs\faulty_frames\FAULTY_test3.jpg
2026-04-23 00:51:38 | WARNING | OUTAGE DETECTED | Source=static\uploads\test3.jpg | Frame=test3.jpg | Conf=0.49 | BBox=(553,861,604,910) | Saved=outputs\faulty_frames\FAULTY_test3.jpg
2026-04-23 00:51:38 | INFO | SESSION SUMMARY | Source=static\uploads\test3.jpg | Total=1 | Functional=0 | NonFunctional=3
2026-04-23 00:51:48 | INFO | SESSION SUMMARY | Source=static\uploads\test2.jpg | Total=1 | Functional=0 | NonFunctional=0
2026-04-23 00:51:58 | INFO | FUNCTIONAL | Source=static\uploads\test1.jpg | Frame=test1.jpg | Conf=0.66
2026-04-23 00:51:58 | INFO | SESSION SUMMARY | Source=static\uploads\test1.jpg | Total=1 | Functional=1 | NonFunctional=0
2026-04-23 00:52:05 | WARNING | OUTAGE DETECTED | Source=static\uploads\test.jpg | Frame=test.jpg | Conf=0.47 | BBox=(1205,938,1396,1068) | Saved=outputs\faulty_frames\FAULTY_test.jpg
2026-04-23 00:52:05 | WARNING | OUTAGE DETECTED | Source=static\uploads\test.jpg | Frame=test.jpg | Conf=0.36 | BBox=(779,970,966,1097) | Saved=outputs\faulty_frames\FAULTY_test.jpg
2026-04-23 00:52:05 | INFO | SESSION SUMMARY | Source=static\uploads\test.jpg | Total=1 | Functional=0 | NonFunctional=2
2026-04-23 00:54:10 | WARNING | OUTAGE DETECTED | Source=static\uploads\test4.jpg | Frame=test4.jpg | Conf=0.40 | BBox=(777,395,851,459) | Saved=outputs\faulty_frames\FAULTY_test4.jpg
2026-04-23 00:54:10 | INFO | SESSION SUMMARY | Source=static\uploads\test4.jpg | Total=1 | Functional=0 | NonFunctional=1
2026-04-23 00:54:20 | WARNING | OUTAGE DETECTED | Source=static\uploads\test3.jpg | Frame=test3.jpg | Conf=0.73 | BBox=(466,1042,519,1094) | Saved=outputs\faulty_frames\FAULTY_test3.jpg
2026-04-23 00:54:20 | WARNING | OUTAGE DETECTED | Source=static\uploads\test3.jpg | Frame=test3.jpg | Conf=0.70 | BBox=(682,870,747,933) | Saved=outputs\faulty_frames\FAULTY_test3.jpg
2026-04-23 00:54:20 | WARNING | OUTAGE DETECTED | Source=static\uploads\test3.jpg | Frame=test3.jpg | Conf=0.49 | BBox=(553,861,604,910) | Saved=outputs\faulty_frames\FAULTY_test3.jpg
2026-04-23 00:54:20 | INFO | SESSION SUMMARY | Source=static\uploads\test3.jpg | Total=1 | Functional=0 | NonFunctional=3
2026-04-23 00:54:31 | INFO | SESSION SUMMARY | Source=static\uploads\test2.jpg | Total=1 | Functional=0 | NonFunctional=0
2026-04-23 00:54:39 | INFO | FUNCTIONAL | Source=static\uploads\test1.jpg | Frame=test1.jpg | Conf=0.66
2026-04-23 00:54:39 | INFO | SESSION SUMMARY | Source=static\uploads\test1.jpg | Total=1 | Functional=1 | NonFunctional=0
2026-04-23 00:54:49 | WARNING | OUTAGE DETECTED | Source=static\uploads\test.jpg | Frame=test.jpg | Conf=0.47 | BBox=(1205,938,1396,1068) | Saved=outputs\faulty_frames\FAULTY_test.jpg
2026-04-23 00:54:49 | WARNING | OUTAGE DETECTED | Source=static\uploads\test.jpg | Frame=test.jpg | Conf=0.36 | BBox=(779,970,966,1097) | Saved=outputs\faulty_frames\FAULTY_test.jpg
2026-04-23 00:54:49 | INFO | SESSION SUMMARY | Source=static\uploads\test.jpg | Total=1 | Functional=0 | NonFunctional=2
2026-04-23 01:36:08 | WARNING | OUTAGE DETECTED | Source=static\uploads\test4.jpg | Frame=test4.jpg | Conf=0.40 | BBox=(777,395,851,459) | Saved=outputs\faulty_frames\FAULTY_test4.jpg
2026-04-23 01:36:08 | INFO | SESSION SUMMARY | Source=static\uploads\test4.jpg | Total=1 | Functional=0 | NonFunctional=1
2026-04-23 01:36:16 | WARNING | OUTAGE DETECTED | Source=static\uploads\test3.jpg | Frame=test3.jpg | Conf=0.73 | BBox=(466,1042,519,1094) | Saved=outputs\faulty_frames\FAULTY_test3.jpg
2026-04-23 01:36:16 | WARNING | OUTAGE DETECTED | Source=static\uploads\test3.jpg | Frame=test3.jpg | Conf=0.70 | BBox=(682,870,747,933) | Saved=outputs\faulty_frames\FAULTY_test3.jpg
2026-04-23 01:36:16 | WARNING | OUTAGE DETECTED | Source=static\uploads\test3.jpg | Frame=test3.jpg | Conf=0.49 | BBox=(553,861,604,910) | Saved=outputs\faulty_frames\FAULTY_test3.jpg
2026-04-23 01:36:16 | INFO | SESSION SUMMARY | Source=static\uploads\test3.jpg | Total=1 | Functional=0 | NonFunctional=3
2026-04-23 01:36:25 | INFO | SESSION SUMMARY | Source=static\uploads\test2.jpg | Total=1 | Functional=0 | NonFunctional=0
2026-04-23 01:36:33 | INFO | FUNCTIONAL | Source=static\uploads\test1.jpg | Frame=test1.jpg | Conf=0.66
2026-04-23 01:36:33 | INFO | SESSION SUMMARY | Source=static\uploads\test1.jpg | Total=1 | Functional=1 | NonFunctional=0
2026-04-23 01:36:40 | WARNING | OUTAGE DETECTED | Source=static\uploads\test.jpg | Frame=test.jpg | Conf=0.47 | BBox=(1205,938,1396,1068) | Saved=outputs\faulty_frames\FAULTY_test.jpg
2026-04-23 01:36:40 | WARNING | OUTAGE DETECTED | Source=static\uploads\test.jpg | Frame=test.jpg | Conf=0.36 | BBox=(779,970,966,1097) | Saved=outputs\faulty_frames\FAULTY_test.jpg
2026-04-23 01:36:40 | INFO | SESSION SUMMARY | Source=static\uploads\test.jpg | Total=1 | Functional=0 | NonFunctional=2
2026-04-23 02:09:00 | WARNING | OUTAGE DETECTED | Source=static\uploads\test4.jpg | Frame=test4.jpg | Conf=0.40 | BBox=(777,395,851,459) | Saved=outputs\faulty_frames\FAULTY_test4.jpg
2026-04-23 02:09:00 | INFO | SESSION SUMMARY | Source=static\uploads\test4.jpg | Total=1 | Functional=0 | NonFunctional=1
2026-04-23 02:09:06 | WARNING | OUTAGE DETECTED | Source=static\uploads\test3.jpg | Frame=test3.jpg | Conf=0.73 | BBox=(466,1042,519,1094) | Saved=outputs\faulty_frames\FAULTY_test3.jpg
2026-04-23 02:09:06 | WARNING | OUTAGE DETECTED | Source=static\uploads\test3.jpg | Frame=test3.jpg | Conf=0.70 | BBox=(682,870,747,933) | Saved=outputs\faulty_frames\FAULTY_test3.jpg
2026-04-23 02:09:06 | WARNING | OUTAGE DETECTED | Source=static\uploads\test3.jpg | Frame=test3.jpg | Conf=0.49 | BBox=(553,861,604,910) | Saved=outputs\faulty_frames\FAULTY_test3.jpg
2026-04-23 02:09:06 | INFO | SESSION SUMMARY | Source=static\uploads\test3.jpg | Total=1 | Functional=0 | NonFunctional=3
2026-04-23 02:09:10 | INFO | SESSION SUMMARY | Source=static\uploads\test2.jpg | Total=1 | Functional=0 | NonFunctional=0
2026-04-23 02:15:48 | WARNING | OUTAGE DETECTED | Source=static\uploads\test4.jpg | Frame=test4.jpg | Conf=0.40 | BBox=(777,395,851,459) | Saved=outputs\faulty_frames\FAULTY_test4.jpg
2026-04-23 02:15:48 | INFO | SESSION SUMMARY | Source=static\uploads\test4.jpg | Total=1 | Functional=0 | NonFunctional=1
2026-04-23 02:15:53 | WARNING | OUTAGE DETECTED | Source=static\uploads\test3.jpg | Frame=test3.jpg | Conf=0.73 | BBox=(466,1042,519,1094) | Saved=outputs\faulty_frames\FAULTY_test3.jpg
2026-04-23 02:15:53 | WARNING | OUTAGE DETECTED | Source=static\uploads\test3.jpg | Frame=test3.jpg | Conf=0.70 | BBox=(682,870,747,933) | Saved=outputs\faulty_frames\FAULTY_test3.jpg
2026-04-23 02:15:53 | WARNING | OUTAGE DETECTED | Source=static\uploads\test3.jpg | Frame=test3.jpg | Conf=0.49 | BBox=(553,861,604,910) | Saved=outputs\faulty_frames\FAULTY_test3.jpg
2026-04-23 02:15:53 | INFO | SESSION SUMMARY | Source=static\uploads\test3.jpg | Total=1 | Functional=0 | NonFunctional=3
2026-04-23 02:15:58 | INFO | SESSION SUMMARY | Source=static\uploads\test2.jpg | Total=1 | Functional=0 | NonFunctional=0
2026-04-23 10:56:11 | WARNING | OUTAGE DETECTED | Source=static\uploads\test4.jpg | Frame=test4.jpg | Conf=0.40 | BBox=(777,395,851,459) | Saved=outputs\faulty_frames\FAULTY_test4.jpg
2026-04-23 10:56:11 | INFO | SESSION SUMMARY | Source=static\uploads\test4.jpg | Total=1 | Functional=0 | NonFunctional=1
2026-04-23 10:56:20 | WARNING | OUTAGE DETECTED | Source=static\uploads\test3.jpg | Frame=test3.jpg | Conf=0.73 | BBox=(466,1042,519,1094) | Saved=outputs\faulty_frames\FAULTY_test3.jpg
2026-04-23 10:56:20 | WARNING | OUTAGE DETECTED | Source=static\uploads\test3.jpg | Frame=test3.jpg | Conf=0.70 | BBox=(682,870,747,933) | Saved=outputs\faulty_frames\FAULTY_test3.jpg
2026-04-23 10:56:20 | WARNING | OUTAGE DETECTED | Source=static\uploads\test3.jpg | Frame=test3.jpg | Conf=0.49 | BBox=(553,861,604,910) | Saved=outputs\faulty_frames\FAULTY_test3.jpg
2026-04-23 10:56:20 | INFO | SESSION SUMMARY | Source=static\uploads\test3.jpg | Total=1 | Functional=0 | NonFunctional=3
2026-04-23 10:56:29 | INFO | SESSION SUMMARY | Source=static\uploads\test2.jpg | Total=1 | Functional=0 | NonFunctional=0
2026-04-23 11:05:17 | INFO | SESSION SUMMARY | Source=static\uploads\test2.jpg | Total=1 | Functional=0 | NonFunctional=0
2026-04-23 11:05:25 | INFO | FUNCTIONAL | Source=static\uploads\test1.jpg | Frame=test1.jpg | Conf=0.66
2026-04-23 11:05:25 | INFO | SESSION SUMMARY | Source=static\uploads\test1.jpg | Total=1 | Functional=1 | NonFunctional=0
2026-04-23 11:05:50 | WARNING | OUTAGE DETECTED | Source=static\uploads\test3.jpg | Frame=test3.jpg | Conf=0.73 | BBox=(466,1042,519,1094) | Saved=outputs\faulty_frames\FAULTY_test3.jpg
2026-04-23 11:05:50 | WARNING | OUTAGE DETECTED | Source=static\uploads\test3.jpg | Frame=test3.jpg | Conf=0.70 | BBox=(682,870,747,933) | Saved=outputs\faulty_frames\FAULTY_test3.jpg
2026-04-23 11:05:50 | WARNING | OUTAGE DETECTED | Source=static\uploads\test3.jpg | Frame=test3.jpg | Conf=0.49 | BBox=(553,861,604,910) | Saved=outputs\faulty_frames\FAULTY_test3.jpg
2026-04-23 11:05:50 | INFO | SESSION SUMMARY | Source=static\uploads\test3.jpg | Total=1 | Functional=0 | NonFunctional=3
2026-04-23 11:05:58 | INFO | SESSION SUMMARY | Source=static\uploads\test2.jpg | Total=1 | Functional=0 | NonFunctional=0
2026-04-23 11:09:05 | INFO | FUNCTIONAL | Source=static\uploads\test6.jpeg | Frame=test6.jpeg | Conf=0.50
2026-04-23 11:09:05 | INFO | SESSION SUMMARY | Source=static\uploads\test6.jpeg | Total=1 | Functional=1 | NonFunctional=0
2026-04-23 11:22:44 | INFO | FUNCTIONAL | Source=static\uploads\test6.jpeg | Frame=test6.jpeg | Conf=0.50
2026-04-23 11:22:44 | INFO | SESSION SUMMARY | Source=static\uploads\test6.jpeg | Total=1 | Functional=1 | NonFunctional=0
2026-04-23 11:22:53 | WARNING | OUTAGE DETECTED | Source=static\uploads\test4.jpg | Frame=test4.jpg | Conf=0.40 | BBox=(777,395,851,459) | Saved=outputs\faulty_frames\FAULTY_test4.jpg
2026-04-23 11:22:53 | INFO | SESSION SUMMARY | Source=static\uploads\test4.jpg | Total=1 | Functional=0 | NonFunctional=1
2026-04-23 11:23:04 | WARNING | OUTAGE DETECTED | Source=static\uploads\test3.jpg | Frame=test3.jpg | Conf=0.73 | BBox=(466,1042,519,1094) | Saved=outputs\faulty_frames\FAULTY_test3.jpg
2026-04-23 11:23:04 | WARNING | OUTAGE DETECTED | Source=static\uploads\test3.jpg | Frame=test3.jpg | Conf=0.70 | BBox=(682,870,747,933) | Saved=outputs\faulty_frames\FAULTY_test3.jpg
2026-04-23 11:23:04 | WARNING | OUTAGE DETECTED | Source=static\uploads\test3.jpg | Frame=test3.jpg | Conf=0.49 | BBox=(553,861,604,910) | Saved=outputs\faulty_frames\FAULTY_test3.jpg
2026-04-23 11:23:04 | INFO | SESSION SUMMARY | Source=static\uploads\test3.jpg | Total=1 | Functional=0 | NonFunctional=3
2026-04-23 11:23:13 | INFO | SESSION SUMMARY | Source=static\uploads\test2.jpg | Total=1 | Functional=0 | NonFunctional=0
2026-04-23 11:23:23 | INFO | FUNCTIONAL | Source=static\uploads\test1.jpg | Frame=test1.jpg | Conf=0.66
2026-04-23 11:23:23 | INFO | SESSION SUMMARY | Source=static\uploads\test1.jpg | Total=1 | Functional=1 | NonFunctional=0
2026-04-23 11:23:33 | WARNING | OUTAGE DETECTED | Source=static\uploads\test.jpg | Frame=test.jpg | Conf=0.47 | BBox=(1205,938,1396,1068) | Saved=outputs\faulty_frames\FAULTY_test.jpg
2026-04-23 11:23:33 | WARNING | OUTAGE DETECTED | Source=static\uploads\test.jpg | Frame=test.jpg | Conf=0.36 | BBox=(779,970,966,1097) | Saved=outputs\faulty_frames\FAULTY_test.jpg
2026-04-23 11:23:33 | INFO | SESSION SUMMARY | Source=static\uploads\test.jpg | Total=1 | Functional=0 | NonFunctional=2
2026-04-23 11:38:04 | WARNING | OUTAGE DETECTED | Source=static\uploads\test6.jpeg | Frame=test6.jpeg | Conf=0.50 | BBox=(0,0,346,226) | Saved=outputs\faulty_frames\FAULTY_test6.jpeg
2026-04-23 11:38:04 | INFO | SESSION SUMMARY | Source=static\uploads\test6.jpeg | Total=1 | Functional=0 | NonFunctional=1
2026-04-23 11:38:11 | INFO | FUNCTIONAL | Source=static\uploads\test4.jpg | Frame=test4.jpg | Conf=0.40
2026-04-23 11:38:11 | INFO | SESSION SUMMARY | Source=static\uploads\test4.jpg | Total=1 | Functional=1 | NonFunctional=0
2026-04-23 11:38:19 | INFO | FUNCTIONAL | Source=static\uploads\test3.jpg | Frame=test3.jpg | Conf=0.73
2026-04-23 11:38:19 | INFO | FUNCTIONAL | Source=static\uploads\test3.jpg | Frame=test3.jpg | Conf=0.70
2026-04-23 11:38:19 | INFO | FUNCTIONAL | Source=static\uploads\test3.jpg | Frame=test3.jpg | Conf=0.49
2026-04-23 11:38:19 | INFO | SESSION SUMMARY | Source=static\uploads\test3.jpg | Total=1 | Functional=3 | NonFunctional=0
2026-04-23 11:38:26 | INFO | SESSION SUMMARY | Source=static\uploads\test2.jpg | Total=1 | Functional=0 | NonFunctional=0
2026-04-23 11:38:34 | WARNING | OUTAGE DETECTED | Source=static\uploads\test1.jpg | Frame=test1.jpg | Conf=0.66 | BBox=(473,255,948,647) | Saved=outputs\faulty_frames\FAULTY_test1.jpg
2026-04-23 11:38:34 | INFO | SESSION SUMMARY | Source=static\uploads\test1.jpg | Total=1 | Functional=0 | NonFunctional=1
2026-04-23 11:38:42 | INFO | FUNCTIONAL | Source=static\uploads\test.jpg | Frame=test.jpg | Conf=0.47
2026-04-23 11:38:42 | INFO | FUNCTIONAL | Source=static\uploads\test.jpg | Frame=test.jpg | Conf=0.36
2026-04-23 11:38:42 | INFO | SESSION SUMMARY | Source=static\uploads\test.jpg | Total=1 | Functional=2 | NonFunctional=0
